#
# There is insufficient memory for the Java Runtime Environment to continue.
# Native memory allocation (mmap) failed to map 132120576 bytes for Failed to commit area from 0x0000000082000000 to 0x0000000089e00000 of length 132120576.
# Possible reasons:
#   The system is out of physical RAM or swap space
#   The process is running with CompressedOops enabled, and the Java Heap may be blocking the growth of the native heap
# Possible solutions:
#   Reduce memory load on the system
#   Increase physical memory or swap space
#   Check if swap backing store is full
#   Decrease Java heap size (-Xmx/-Xms)
#   Decrease number of Java threads
#   Decrease Java thread stack sizes (-Xss)
#   Set larger code cache with -XX:ReservedCodeCacheSize=
# This output file may be truncated or incomplete.
#
#  Out of Memory Error (c:/BuildAgent/work/5ff2f6c26000d570/src/hotspot/os/windows/os_windows.cpp:3281), pid=10924, tid=12652
#
# JRE version:  (11.0.4+10) (build )
# Java VM: OpenJDK 64-Bit Server VM (11.0.4+10-b304.69, mixed mode, aot, sharing, tiered, compressed oops, g1 gc, windows-amd64)
# No core dump will be written. Minidumps are not enabled by default on client versions of Windows
#

---------------  S U M M A R Y ------------

Command Line: org.jetbrains.git4idea.http.GitAskPassApp Username for 'https://github.com': 

Host: Intel(R) Core(TM) i5-8250U CPU @ 1.60GHz, 8 cores, 7G,  Windows 10 , 64 bit Build 17763 (10.0.17763.475)
Time: Tue Nov 12 19:01:34 2019 Russia TZ 2 Standard Time elapsed time: 0 seconds (0d 0h 0m 0s)

---------------  T H R E A D  ---------------

Current thread (0x000001ebdc059000):  JavaThread "Unknown thread" [_thread_in_vm, id=12652, stack(0x000000d5aa100000,0x000000d5aa200000)]

Stack: [0x000000d5aa100000,0x000000d5aa200000]
Native frames: (J=compiled Java code, j=interpreted, Vv=VM code, C=native code)
V  [jvm.dll+0x5db31a]
V  [jvm.dll+0x70c395]
V  [jvm.dll+0x70d8b8]
V  [jvm.dll+0x70df83]
V  [jvm.dll+0x23dbb8]
V  [jvm.dll+0x5d8a74]
V  [jvm.dll+0x5cdb05]
V  [jvm.dll+0x2fa5bb]
V  [jvm.dll+0x2fa52a]
V  [jvm.dll+0x2fa402]
V  [jvm.dll+0x2ff2c6]
V  [jvm.dll+0x347893]
V  [jvm.dll+0x347f96]
V  [jvm.dll+0x347993]
V  [jvm.dll+0x2d4e28]
V  [jvm.dll+0x2d5fd7]
V  [jvm.dll+0x6eb717]
V  [jvm.dll+0x6ecf0c]
V  [jvm.dll+0x354fb9]
V  [jvm.dll+0x6d35be]
V  [jvm.dll+0x3bd673]
V  [jvm.dll+0x3bf9f1]
C  [java.exe+0x3763]
C  [java.exe+0x17a0c]
C  [KERNEL32.DLL+0x17974]
C  [ntdll.dll+0x6a271]


---------------  P R O C E S S  ---------------

Threads class SMR info:
_java_thread_list=0x000001ebda738240, length=0, elements={
}

Java Threads: ( => current thread )

Other Threads:
  0x000001ebdc070000 GCTaskThread "GC Thread#0" [stack: 0x000000d5aa200000,0x000000d5aa300000] [id=5136]
  0x000001ebdc0a0000 ConcurrentGCThread "G1 Main Marker" [stack: 0x000000d5aa300000,0x000000d5aa400000] [id=13092]
  0x000001ebdc0a2000 ConcurrentGCThread "G1 Conc#0" [stack: 0x000000d5aa400000,0x000000d5aa500000] [id=4472]

[error occurred during error reporting (printing all threads), id 0xc0000005, EXCEPTION_ACCESS_VIOLATION (0xc0000005) at pc=0x00007ffe69d65727]

VM state:not at safepoint (not fully initialized)

VM Mutex/Monitor currently owned by a thread:  ([mutex/lock_event])
[0x000001ebdc0556a0] Heap_lock - owner thread: 0x000001ebdc059000

Heap address: 0x0000000082000000, size: 2016 MB, Compressed Oops mode: Non-zero based: 0x0000000082000000
Narrow klass base: 0x0000000000000000, Narrow klass shift: 0

GC Heap History (0 events):
No events

Deoptimization events (0 events):
No events

Classes redefined (0 events):
No events

Internal exceptions (0 events):
No events

Events (0 events):
No events


Dynamic libraries:
0x00007ff6ca890000 - 0x00007ff6ca8d7000 	C:\Program Files\JetBrains\WebStorm 2019.2\jbr\bin\java.exe
0x00007ffe9e000000 - 0x00007ffe9e1ed000 	C:\Windows\SYSTEM32\ntdll.dll
0x00007ffe9ca50000 - 0x00007ffe9cb03000 	C:\Windows\System32\KERNEL32.DLL
0x00007ffe9af80000 - 0x00007ffe9b213000 	C:\Windows\System32\KERNELBASE.dll
0x00007ffe9c8b0000 - 0x00007ffe9ca47000 	C:\Windows\System32\USER32.dll
0x00007ffe9af60000 - 0x00007ffe9af80000 	C:\Windows\System32\win32u.dll
0x00007ffe9db30000 - 0x00007ffe9db59000 	C:\Windows\System32\GDI32.dll
0x00007ffe9a2a0000 - 0x00007ffe9a439000 	C:\Windows\System32\gdi32full.dll
0x00007ffe9a440000 - 0x00007ffe9a4e0000 	C:\Windows\System32\msvcp_win.dll
0x00007ffe9acc0000 - 0x00007ffe9adba000 	C:\Windows\System32\ucrtbase.dll
0x00007ffe8b9f0000 - 0x00007ffe8bc69000 	C:\Windows\WinSxS\amd64_microsoft.windows.common-controls_6595b64144ccf1df_6.0.17763.802_none_05b1445c0722d2cc\COMCTL32.dll
0x00007ffe9c720000 - 0x00007ffe9c7be000 	C:\Windows\System32\msvcrt.dll
0x00007ffe9ccc0000 - 0x00007ffe9cfec000 	C:\Windows\System32\combase.dll
0x00007ffe9d310000 - 0x00007ffe9d432000 	C:\Windows\System32\RPCRT4.dll
0x00007ffe9aec0000 - 0x00007ffe9af3e000 	C:\Windows\System32\bcryptPrimitives.dll
0x00007ffe9c860000 - 0x00007ffe9c88e000 	C:\Windows\System32\IMM32.DLL
0x00007ffe8cf40000 - 0x00007ffe8cf57000 	C:\Program Files\JetBrains\WebStorm 2019.2\jbr\bin\vcruntime140.dll
0x00007ffe8ce40000 - 0x00007ffe8cedd000 	C:\Program Files\JetBrains\WebStorm 2019.2\jbr\bin\msvcp140.dll
0x00007ffe69a80000 - 0x00007ffe6a538000 	C:\Program Files\JetBrains\WebStorm 2019.2\jbr\bin\server\jvm.dll
0x00007ffe9ddf0000 - 0x00007ffe9de93000 	C:\Windows\System32\ADVAPI32.dll
0x00007ffe9c7c0000 - 0x00007ffe9c85e000 	C:\Windows\System32\sechost.dll
0x00007ffe9db60000 - 0x00007ffe9db68000 	C:\Windows\System32\PSAPI.DLL
0x00007ffe95b40000 - 0x00007ffe95b64000 	C:\Windows\SYSTEM32\WINMM.dll
0x00007ffe92540000 - 0x00007ffe92549000 	C:\Windows\SYSTEM32\WSOCK32.dll
0x00007ffe909b0000 - 0x00007ffe909ba000 	C:\Windows\SYSTEM32\VERSION.dll
0x00007ffe9cbe0000 - 0x00007ffe9cc4d000 	C:\Windows\System32\WS2_32.dll
0x00007ffe95b10000 - 0x00007ffe95b3d000 	C:\Windows\SYSTEM32\winmmbase.dll
0x00007ffe9adc0000 - 0x00007ffe9ae0a000 	C:\Windows\System32\cfgmgr32.dll
0x00007ffe9a020000 - 0x00007ffe9a031000 	C:\Windows\System32\kernel.appcore.dll
0x00007ffe92520000 - 0x00007ffe92531000 	C:\Program Files\JetBrains\WebStorm 2019.2\jbr\bin\verify.dll
0x00007ffe989a0000 - 0x00007ffe98b8d000 	C:\Windows\SYSTEM32\DBGHELP.DLL
0x00007ffe8b150000 - 0x00007ffe8b17a000 	C:\Windows\SYSTEM32\dbgcore.DLL
0x00007ffe91b00000 - 0x00007ffe91b29000 	C:\Program Files\JetBrains\WebStorm 2019.2\jbr\bin\java.dll
0x00007ffe91aa0000 - 0x00007ffe91ab7000 	C:\Program Files\JetBrains\WebStorm 2019.2\jbr\bin\zip.dll
0x00007ffe91a90000 - 0x00007ffe91a9b000 	C:\Program Files\JetBrains\WebStorm 2019.2\jbr\bin\jimage.dll

dbghelp: loaded successfully - version: 4.0.5 - missing functions: none
symbol engine: initialized successfully - sym options: 0x614 - pdb path: .;C:\Program Files\JetBrains\WebStorm 2019.2\jbr\bin;C:\Windows\SYSTEM32;C:\Windows\WinSxS\amd64_microsoft.windows.common-controls_6595b64144ccf1df_6.0.17763.802_none_05b1445c0722d2cc;C:\Program Files\JetBrains\WebStorm 2019.2\jbr\bin\server

VM Arguments:
java_command: org.jetbrains.git4idea.http.GitAskPassApp Username for 'https://github.com': 
java_class_path (initial): C:/Program Files/JetBrains/WebStorm 2019.2/plugins/git4idea/lib/git4idea-rt.jar;C:/Program Files/JetBrains/WebStorm 2019.2/lib/xmlrpc-2.0.1.jar;C:/Program Files/JetBrains/WebStorm 2019.2/lib/commons-codec-1.13.jar;C:/Program Files/JetBrains/WebStorm 2019.2/lib/util.jar
Launcher Type: SUN_STANDARD

[Global flags]
     intx CICompilerCount                          = 4                                         {product} {ergonomic}
     uint ConcGCThreads                            = 2                                         {product} {ergonomic}
     uint G1ConcRefinementThreads                  = 8                                         {product} {ergonomic}
   size_t G1HeapRegionSize                         = 1048576                                   {product} {ergonomic}
    uintx GCDrainStackTargetSize                   = 64                                        {product} {ergonomic}
   size_t InitialHeapSize                          = 132120576                                 {product} {ergonomic}
   size_t MarkStackSize                            = 4194304                                   {product} {ergonomic}
   size_t MaxHeapSize                              = 2113929216                                {product} {ergonomic}
   size_t MinHeapDeltaBytes                        = 1048576                                   {product} {ergonomic}
    uintx NonNMethodCodeHeapSize                   = 5835340                                {pd product} {ergonomic}
    uintx NonProfiledCodeHeapSize                  = 122911450                              {pd product} {ergonomic}
    uintx ProfiledCodeHeapSize                     = 122911450                              {pd product} {ergonomic}
    uintx ReservedCodeCacheSize                    = 251658240                              {pd product} {ergonomic}
     bool SegmentedCodeCache                       = true                                      {product} {ergonomic}
     bool UseCompressedClassPointers               = true                                 {lp64_product} {ergonomic}
     bool UseCompressedOops                        = true                                 {lp64_product} {ergonomic}
     bool UseG1GC                                  = true                                      {product} {ergonomic}
     bool UseLargePagesIndividualAllocation        = false                                  {pd product} {ergonomic}

Logging:
Log output configuration:
 #0: stdout all=warning uptime,level,tags
 #1: stderr all=off uptime,level,tags

Environment Variables:
PATH=C:/Program Files/Git/mingw64/libexec/git-core;C:/Program Files/Git/mingw64/libexec/git-core;C:\Program Files\Git\mingw64\bin;C:\Program Files\Git\usr\bin;C:\Users\Ollenka\bin;C:\Program Files (x86)\Common Files\Oracle\Java\javapath;C:\Windows\system32;C:\Windows;C:\Windows\System32\Wbem;C:\Windows\System32\WindowsPowerShell\v1.0\;C:\Windows\System32\OpenSSH\;C:\Program Files\nodejs\;C:\Program Files\Git\cmd;C:\Program Files (x86)\Yarn\bin\;C:\Users\Ollenka\AppData\Local\Microsoft\WindowsApps;C:\Users\Ollenka\AppData\Roaming\npm;C:\Users\Ollenka\AppData\Local\Programs\Microsoft VS Code\bin;C:\Program Files\heroku\bin;C:\Users\Ollenka\AppData\Local\Yarn\bin
USERNAME=Ollenka
DISPLAY=:0.0
OS=Windows_NT
PROCESSOR_IDENTIFIER=Intel64 Family 6 Model 142 Stepping 10, GenuineIntel



---------------  S Y S T E M  ---------------

OS: Windows 10 , 64 bit Build 17763 (10.0.17763.475)

CPU:total 8 (initial active 8) (4 cores per cpu, 2 threads per core) family 6 model 142 stepping 10, cmov, cx8, fxsr, mmx, sse, sse2, sse3, ssse3, sse4.1, sse4.2, popcnt, avx, avx2, aes, clmul, erms, 3dnowpref, lzcnt, ht, tsc, tscinvbit, bmi1, bmi2, adx, fma

Memory: 4k page, system-wide physical 8057M (2318M free)
TotalPageFile size 8840M (AvailPageFile size 69M)
current process WorkingSet (physical memory assigned to process): 9M, peak: 9M
current process commit charge ("private bytes"): 60M, peak: 186M

vm_info: OpenJDK 64-Bit Server VM (11.0.4+10-b304.69) for windows-amd64 JRE (11.0.4+10-b304.69), built on Sep  9 2019 11:39:50 by "" with MS VC++ 14.0 (VS2015)

END.
